<?xml version="1.0" encoding="UTF-8"?>
<testsuite name="Test" tests="1" skipped="0" failures="0" errors="0" timestamp="2025-07-13T13:23:18" hostname="Nikitas-MacBook-Pro.local" time="0.018">
  <properties/>
  <testcase name="testSolution()" classname="Test" time="0.018"/>
  <system-out><![CDATA[]]></system-out>
  <system-err><![CDATA[]]></system-err>
</testsuite>
