<?xml version="1.0" encoding="UTF-8"?>
<testsuite name="Test" tests="10" skipped="0" failures="0" errors="0" timestamp="2025-08-14T17:47:52.471Z" hostname="Nikitas-MacBook-Pro.local" time="0.203">
  <properties/>
  <testcase name="cardSequenceGeneratorTestClassTest()" classname="Test" time="0.123"/>
  <testcase name="getHistoryMethodTest()" classname="Test" time="0.015"/>
  <testcase name="randomCardGeneratorMethodTest()" classname="Test" time="0.01"/>
  <testcase name="statTestClassTest()" classname="Test" time="0.017"/>
  <testcase name="statServiceTestClassTest()" classname="Test" time="0.004"/>
  <testcase name="getNextCardMethodTest()" classname="Test" time="0.005"/>
  <testcase name="startNewGameMethodTest()" classname="Test" time="0.004"/>
  <testcase name="cardTestClassTest()" classname="Test" time="0.004"/>
  <testcase name="saveMethodTest()" classname="Test" time="0.014"/>
  <testcase name="cardServiceTest()" classname="Test" time="0.004"/>
  <system-out><![CDATA[]]></system-out>
  <system-err><![CDATA[]]></system-err>
</testsuite>
