<?xml version="1.0" encoding="UTF-8"?>
<testsuite name="Test" tests="15" skipped="0" failures="0" errors="0" timestamp="2025-08-11T16:00:17.838Z" hostname="Nikitas-MacBook-Pro.local" time="0.164">
  <properties/>
  <testcase name="teamTeamServiceTest()" classname="Test" time="0.115"/>
  <testcase name="gameResultsServiceTest()" classname="Test" time="0.003"/>
  <testcase name="identifierFactoryClassTest()" classname="Test" time="0.001"/>
  <testcase name="getAllGameResultsMethodTest()" classname="Test" time="0.003"/>
  <testcase name="generateCardsMethodTest()" classname="Test" time="0.004"/>
  <testcase name="cardTest()" classname="Test" time="0.007"/>
  <testcase name="teamClassTest()" classname="Test" time="0.003"/>
  <testcase name="[1] words=[], expected=[]" classname="Test" time="0.006"/>
  <testcase name="[2] words=[dog], expected=[Word(word=dog)]" classname="Test" time="0.0"/>
  <testcase name="[3] words=[dog, cat], expected=[Word(word=dog), Word(word=cat)]" classname="Test" time="0.0"/>
  <testcase name="generateTeamsForOneRoundMethodTest()" classname="Test" time="0.001"/>
  <testcase name="saveGameResultsMethodTest()" classname="Test" time="0.001"/>
  <testcase name="uniqueIdentifierMethodTest()" classname="Test" time="0.001"/>
  <testcase name="getCardByIndexMethodTest()" classname="Test" time="0.003"/>
  <testcase name="cardServiceTest()" classname="Test" time="0.004"/>
  <system-out><![CDATA[]]></system-out>
  <system-err><![CDATA[]]></system-err>
</testsuite>
